2025-07-29 18:54:04,876 - INFO - ================================================================================
2025-07-29 18:54:04,876 - INFO - STARTING PHQ-9 CHANGE POINT DETECTION ANALYSIS
2025-07-29 18:54:04,876 - INFO - ================================================================================
2025-07-29 18:54:04,876 - INFO - Initializing Change Point Detector...
2025-07-29 18:54:04,876 - INFO - Configuration:
2025-07-29 18:54:04,876 - INFO -   - Data Path: data/synthetic_phq9_data.csv
2025-07-29 18:54:04,876 - INFO -   - Penalty Parameter: 0.5
2025-07-29 18:54:04,876 - INFO -   - Jump Parameter: 1
2025-07-29 18:54:04,876 - INFO -   - Minimum Points: 2
2025-07-29 18:54:04,876 - INFO -   - Smoothing Window Size: 10
2025-07-29 18:54:04,876 - INFO -   - Alpha (Significance Level): 0.05
2025-07-29 18:54:04,876 - INFO - Running complete change point detection analysis...
2025-07-29 18:54:05,948 - INFO - ==================================================
2025-07-29 18:54:05,948 - INFO - ANALYSIS RESULTS SUMMARY
2025-07-29 18:54:05,948 - INFO - ==================================================
2025-07-29 18:54:05,948 - INFO - Data shape: (100, 50)
2025-07-29 18:54:05,948 - INFO - Number of change points detected: 5
2025-07-29 18:54:05,948 - INFO - Change point indices: [6, 14, 27, 30, 34, 50]
2025-07-29 18:54:05,948 - INFO - 
Cluster Boundaries:
2025-07-29 18:54:05,948 - INFO -   Cluster-1: Start = Day_2, End = Day_10
2025-07-29 18:54:05,948 - INFO -   Cluster-2: Start = Day_11, End = Day_19
2025-07-29 18:54:05,948 - INFO -   Cluster-3: Start = Day_21, End = Day_60
2025-07-29 18:54:05,949 - INFO -   Cluster-4: Start = Day_64, End = Day_71
2025-07-29 18:54:05,949 - INFO -   Cluster-5: Start = Day_73, End = Day_84
2025-07-29 18:54:05,949 - INFO -   Cluster-6: Start = Day_92, End = Day_364
2025-07-29 18:54:05,949 - INFO - 
Statistical Test Results:
2025-07-29 18:54:05,949 - INFO -   Boundaries ((0, 6), (6, 14)):
2025-07-29 18:54:05,949 - INFO -     Test: Wilcoxon Rank-Sum Test
2025-07-29 18:54:05,949 - INFO -     P-value: 0.001946
2025-07-29 18:54:05,949 - INFO -     The change point is statistically significant (p-value = 0.0019)
2025-07-29 18:54:05,949 - INFO -   Boundaries ((6, 14), (14, 27)):
2025-07-29 18:54:05,949 - INFO -     Test: Wilcoxon Rank-Sum Test
2025-07-29 18:54:05,949 - INFO -     P-value: 0.000166
2025-07-29 18:54:05,949 - INFO -     The change point is statistically significant (p-value = 0.0002)
2025-07-29 18:54:05,949 - INFO -   Boundaries ((14, 27), (27, 30)):
2025-07-29 18:54:05,949 - INFO -     Test: Wilcoxon Rank-Sum Test
2025-07-29 18:54:05,949 - INFO -     P-value: 0.018555
2025-07-29 18:54:05,949 - INFO -     The change point is statistically significant (p-value = 0.0186)
2025-07-29 18:54:05,949 - INFO -   Boundaries ((27, 30), (30, 34)):
2025-07-29 18:54:05,949 - INFO -     Test: Wilcoxon Rank-Sum Test
2025-07-29 18:54:05,949 - INFO -     P-value: 0.033895
2025-07-29 18:54:05,949 - INFO -     The change point is statistically significant (p-value = 0.0339)
2025-07-29 18:54:05,949 - INFO -   Boundaries ((30, 34), (34, 50)):
2025-07-29 18:54:05,949 - INFO -     Test: Wilcoxon Rank-Sum Test
2025-07-29 18:54:05,949 - INFO -     P-value: 0.002497
2025-07-29 18:54:05,949 - INFO -     The change point is statistically significant (p-value = 0.0025)
2025-07-29 18:54:05,949 - INFO - 
Aggregated Data Statistics:
2025-07-29 18:54:05,950 - INFO -   Mean CV: 0.8911
2025-07-29 18:54:05,950 - INFO -   Std CV: 0.4898
2025-07-29 18:54:05,950 - INFO -   Min CV: 0.1543
2025-07-29 18:54:05,950 - INFO -   Max CV: 1.7889
2025-07-29 18:54:05,951 - INFO - 
Detailed results saved to: results/change_point_analysis_results.json
2025-07-29 18:54:05,951 - INFO - Aggregated CV data saved to: results/aggregated_cv_data.csv
2025-07-29 18:54:05,952 - INFO - Cluster boundaries saved to: results/cluster_boundaries.csv
2025-07-29 18:54:05,952 - INFO - Statistical test results saved to: results/statistical_test_results.csv
2025-07-29 18:54:05,952 - INFO - ================================================================================
2025-07-29 18:54:05,952 - INFO - CHANGE POINT DETECTION ANALYSIS COMPLETED SUCCESSFULLY
2025-07-29 18:54:05,952 - INFO - ================================================================================
2025-07-29 18:54:05,952 - INFO - Total files generated:
2025-07-29 18:54:05,952 - INFO -   - Plots: results/change_point_detected_scatter_diagram.png, results/aggregated_data_plot.png, results/validation_plot.png
2025-07-29 18:54:05,952 - INFO -   - Data files: results/change_point_analysis_results.json, results/aggregated_cv_data.csv
2025-07-29 18:54:05,952 - INFO -   - Analysis files: results/cluster_boundaries.csv, results/statistical_test_results.csv
2025-07-29 18:54:05,952 - INFO - Results saved in: results/
2025-07-29 18:54:05,952 - INFO - ================================================================================
